{"/root/.openclaw/workspace/projects/mobileclaw/vault-encryption/src/crypto.js": {"path":"/root/.openclaw/workspace/projects/mobileclaw/vault-encryption/src/crypto.js","statementMap":{"0":{"start":{"line":3,"column":16},"end":{"line":3,"column":45}},"1":{"start":{"line":4,"column":24},"end":{"line":4,"column":59}},"2":{"start":{"line":5,"column":24},"end":{"line":5,"column":55}},"3":{"start":{"line":6,"column":19},"end":{"line":6,"column":48}},"4":{"start":{"line":8,"column":20},"end":{"line":8,"column":22}},"5":{"start":{"line":9,"column":18},"end":{"line":9,"column":20}},"6":{"start":{"line":10,"column":19},"end":{"line":10,"column":21}},"7":{"start":{"line":11,"column":26},"end":{"line":11,"column":33}},"8":{"start":{"line":19,"column":2},"end":{"line":21,"column":3}},"9":{"start":{"line":20,"column":4},"end":{"line":20,"column":57}},"10":{"start":{"line":22,"column":2},"end":{"line":22,"column":29}},"11":{"start":{"line":30,"column":2},"end":{"line":30,"column":42}},"12":{"start":{"line":38,"column":2},"end":{"line":38,"column":40}},"13":{"start":{"line":49,"column":2},"end":{"line":51,"column":3}},"14":{"start":{"line":50,"column":4},"end":{"line":50,"column":59}},"15":{"start":{"line":52,"column":2},"end":{"line":54,"column":3}},"16":{"start":{"line":53,"column":4},"end":{"line":53,"column":82}},"17":{"start":{"line":55,"column":2},"end":{"line":57,"column":3}},"18":{"start":{"line":56,"column":4},"end":{"line":56,"column":72}},"19":{"start":{"line":58,"column":2},"end":{"line":58,"column":83}},"20":{"start":{"line":68,"column":2},"end":{"line":70,"column":3}},"21":{"start":{"line":69,"column":4},"end":{"line":69,"column":67}},"22":{"start":{"line":71,"column":2},"end":{"line":73,"column":3}},"23":{"start":{"line":72,"column":4},"end":{"line":72,"column":54}},"24":{"start":{"line":74,"column":13},"end":{"line":74,"column":25}},"25":{"start":{"line":75,"column":17},"end":{"line":75,"column":29}},"26":{"start":{"line":76,"column":21},"end":{"line":76,"column":46}},"27":{"start":{"line":77,"column":2},"end":{"line":77,"column":28}},"28":{"start":{"line":89,"column":2},"end":{"line":91,"column":3}},"29":{"start":{"line":90,"column":4},"end":{"line":90,"column":67}},"30":{"start":{"line":92,"column":2},"end":{"line":94,"column":3}},"31":{"start":{"line":93,"column":4},"end":{"line":93,"column":65}},"32":{"start":{"line":95,"column":2},"end":{"line":97,"column":3}},"33":{"start":{"line":96,"column":4},"end":{"line":96,"column":55}},"34":{"start":{"line":98,"column":2},"end":{"line":103,"column":3}},"35":{"start":{"line":99,"column":19},"end":{"line":99,"column":31}},"36":{"start":{"line":100,"column":4},"end":{"line":100,"column":38}},"37":{"start":{"line":102,"column":4},"end":{"line":102,"column":81}},"38":{"start":{"line":112,"column":2},"end":{"line":112,"column":47}},"39":{"start":{"line":121,"column":2},"end":{"line":121,"column":55}},"40":{"start":{"line":124,"column":0},"end":{"line":137,"column":2}}},"fnMap":{"0":{"name":"generateRandomBytes","decl":{"start":{"line":18,"column":9},"end":{"line":18,"column":28}},"loc":{"start":{"line":18,"column":37},"end":{"line":23,"column":1}},"line":18},"1":{"name":"generateSalt","decl":{"start":{"line":29,"column":9},"end":{"line":29,"column":21}},"loc":{"start":{"line":29,"column":24},"end":{"line":31,"column":1}},"line":29},"2":{"name":"generateIV","decl":{"start":{"line":37,"column":9},"end":{"line":37,"column":19}},"loc":{"start":{"line":37,"column":22},"end":{"line":39,"column":1}},"line":37},"3":{"name":"deriveKey","decl":{"start":{"line":48,"column":15},"end":{"line":48,"column":24}},"loc":{"start":{"line":48,"column":73},"end":{"line":59,"column":1}},"line":48},"4":{"name":"encrypt","decl":{"start":{"line":67,"column":9},"end":{"line":67,"column":16}},"loc":{"start":{"line":67,"column":33},"end":{"line":78,"column":1}},"line":67},"5":{"name":"decrypt","decl":{"start":{"line":88,"column":9},"end":{"line":88,"column":16}},"loc":{"start":{"line":88,"column":38},"end":{"line":104,"column":1}},"line":88},"6":{"name":"toBase64","decl":{"start":{"line":111,"column":9},"end":{"line":111,"column":17}},"loc":{"start":{"line":111,"column":25},"end":{"line":113,"column":1}},"line":111},"7":{"name":"fromBase64","decl":{"start":{"line":120,"column":9},"end":{"line":120,"column":19}},"loc":{"start":{"line":120,"column":28},"end":{"line":122,"column":1}},"line":120}},"branchMap":{"0":{"loc":{"start":{"line":19,"column":2},"end":{"line":21,"column":3}},"type":"if","locations":[{"start":{"line":19,"column":2},"end":{"line":21,"column":3}},{"start":{},"end":{}}],"line":19},"1":{"loc":{"start":{"line":19,"column":6},"end":{"line":19,"column":45}},"type":"binary-expr","locations":[{"start":{"line":19,"column":6},"end":{"line":19,"column":31}},{"start":{"line":19,"column":35},"end":{"line":19,"column":45}}],"line":19},"2":{"loc":{"start":{"line":48,"column":41},"end":{"line":48,"column":71}},"type":"default-arg","locations":[{"start":{"line":48,"column":54},"end":{"line":48,"column":71}}],"line":48},"3":{"loc":{"start":{"line":49,"column":2},"end":{"line":51,"column":3}},"type":"if","locations":[{"start":{"line":49,"column":2},"end":{"line":51,"column":3}},{"start":{},"end":{}}],"line":49},"4":{"loc":{"start":{"line":49,"column":6},"end":{"line":49,"column":59}},"type":"binary-expr","locations":[{"start":{"line":49,"column":6},"end":{"line":49,"column":34}},{"start":{"line":49,"column":38},"end":{"line":49,"column":59}}],"line":49},"5":{"loc":{"start":{"line":52,"column":2},"end":{"line":54,"column":3}},"type":"if","locations":[{"start":{"line":52,"column":2},"end":{"line":54,"column":3}},{"start":{},"end":{}}],"line":52},"6":{"loc":{"start":{"line":52,"column":6},"end":{"line":52,"column":64}},"type":"binary-expr","locations":[{"start":{"line":52,"column":6},"end":{"line":52,"column":35}},{"start":{"line":52,"column":39},"end":{"line":52,"column":64}}],"line":52},"7":{"loc":{"start":{"line":55,"column":2},"end":{"line":57,"column":3}},"type":"if","locations":[{"start":{"line":55,"column":2},"end":{"line":57,"column":3}},{"start":{},"end":{}}],"line":55},"8":{"loc":{"start":{"line":55,"column":6},"end":{"line":55,"column":69}},"type":"binary-expr","locations":[{"start":{"line":55,"column":6},"end":{"line":55,"column":35}},{"start":{"line":55,"column":39},"end":{"line":55,"column":69}}],"line":55},"9":{"loc":{"start":{"line":68,"column":2},"end":{"line":70,"column":3}},"type":"if","locations":[{"start":{"line":68,"column":2},"end":{"line":70,"column":3}},{"start":{},"end":{}}],"line":68},"10":{"loc":{"start":{"line":68,"column":6},"end":{"line":68,"column":63}},"type":"binary-expr","locations":[{"start":{"line":68,"column":6},"end":{"line":68,"column":34}},{"start":{"line":68,"column":38},"end":{"line":68,"column":63}}],"line":68},"11":{"loc":{"start":{"line":71,"column":2},"end":{"line":73,"column":3}},"type":"if","locations":[{"start":{"line":71,"column":2},"end":{"line":73,"column":3}},{"start":{},"end":{}}],"line":71},"12":{"loc":{"start":{"line":89,"column":2},"end":{"line":91,"column":3}},"type":"if","locations":[{"start":{"line":89,"column":2},"end":{"line":91,"column":3}},{"start":{},"end":{}}],"line":89},"13":{"loc":{"start":{"line":89,"column":6},"end":{"line":89,"column":63}},"type":"binary-expr","locations":[{"start":{"line":89,"column":6},"end":{"line":89,"column":34}},{"start":{"line":89,"column":38},"end":{"line":89,"column":63}}],"line":89},"14":{"loc":{"start":{"line":92,"column":2},"end":{"line":94,"column":3}},"type":"if","locations":[{"start":{"line":92,"column":2},"end":{"line":94,"column":3}},{"start":{},"end":{}}],"line":92},"15":{"loc":{"start":{"line":92,"column":6},"end":{"line":92,"column":60}},"type":"binary-expr","locations":[{"start":{"line":92,"column":6},"end":{"line":92,"column":33}},{"start":{"line":92,"column":37},"end":{"line":92,"column":60}}],"line":92},"16":{"loc":{"start":{"line":95,"column":2},"end":{"line":97,"column":3}},"type":"if","locations":[{"start":{"line":95,"column":2},"end":{"line":97,"column":3}},{"start":{},"end":{}}],"line":95}},"s":{"0":3,"1":3,"2":3,"3":3,"4":3,"5":3,"6":3,"7":3,"8":282,"9":3,"10":279,"11":66,"12":209,"13":77,"14":1,"15":76,"16":1,"17":75,"18":1,"19":74,"20":109,"21":1,"22":108,"23":0,"24":108,"25":108,"26":108,"27":108,"28":28,"29":0,"30":28,"31":1,"32":27,"33":0,"34":27,"35":27,"36":27,"37":7,"38":339,"39":49,"40":3},"f":{"0":282,"1":66,"2":209,"3":77,"4":109,"5":28,"6":339,"7":49},"b":{"0":[3,279],"1":[282,281],"2":[76],"3":[1,76],"4":[77,77],"5":[1,75],"6":[76,76],"7":[1,74],"8":[75,75],"9":[1,108],"10":[109,109],"11":[0,108],"12":[0,28],"13":[28,28],"14":[1,27],"15":[28,28],"16":[0,27]},"_coverageSchema":"1a1c01bbd47fc00a2c39e90264f33305004495a9","hash":"c13366c5ead7d37e4b0e627336bd9177b4ed2bba"}
,"/root/.openclaw/workspace/projects/mobileclaw/vault-encryption/src/errors.js": {"path":"/root/.openclaw/workspace/projects/mobileclaw/vault-encryption/src/errors.js","statementMap":{"0":{"start":{"line":5,"column":4},"end":{"line":5,"column":19}},"1":{"start":{"line":6,"column":4},"end":{"line":6,"column":35}},"2":{"start":{"line":12,"column":4},"end":{"line":12,"column":19}},"3":{"start":{"line":13,"column":4},"end":{"line":13,"column":34}},"4":{"start":{"line":19,"column":4},"end":{"line":19,"column":19}},"5":{"start":{"line":20,"column":4},"end":{"line":20,"column":39}},"6":{"start":{"line":24,"column":0},"end":{"line":24,"column":77}}},"fnMap":{"0":{"name":"(anonymous_0)","decl":{"start":{"line":4,"column":2},"end":{"line":4,"column":3}},"loc":{"start":{"line":4,"column":43},"end":{"line":7,"column":3}},"line":4},"1":{"name":"(anonymous_1)","decl":{"start":{"line":11,"column":2},"end":{"line":11,"column":3}},"loc":{"start":{"line":11,"column":45},"end":{"line":14,"column":3}},"line":11},"2":{"name":"(anonymous_2)","decl":{"start":{"line":18,"column":2},"end":{"line":18,"column":3}},"loc":{"start":{"line":18,"column":44},"end":{"line":21,"column":3}},"line":18}},"branchMap":{"0":{"loc":{"start":{"line":4,"column":14},"end":{"line":4,"column":41}},"type":"default-arg","locations":[{"start":{"line":4,"column":24},"end":{"line":4,"column":41}}],"line":4},"1":{"loc":{"start":{"line":11,"column":14},"end":{"line":11,"column":43}},"type":"default-arg","locations":[{"start":{"line":11,"column":24},"end":{"line":11,"column":43}}],"line":11},"2":{"loc":{"start":{"line":18,"column":14},"end":{"line":18,"column":42}},"type":"default-arg","locations":[{"start":{"line":18,"column":24},"end":{"line":18,"column":42}}],"line":18}},"s":{"0":6,"1":6,"2":0,"3":0,"4":4,"5":4,"6":2},"f":{"0":6,"1":0,"2":4},"b":{"0":[6],"1":[0],"2":[4]},"_coverageSchema":"1a1c01bbd47fc00a2c39e90264f33305004495a9","hash":"da6d424c61a6ff423b1d5dc87e4ac7c523275a66"}
,"/root/.openclaw/workspace/projects/mobileclaw/vault-encryption/src/storage.js": {"path":"/root/.openclaw/workspace/projects/mobileclaw/vault-encryption/src/storage.js","statementMap":{"0":{"start":{"line":3,"column":18},"end":{"line":3,"column":36}},"1":{"start":{"line":17,"column":4},"end":{"line":19,"column":5}},"2":{"start":{"line":18,"column":6},"end":{"line":18,"column":85}},"3":{"start":{"line":20,"column":4},"end":{"line":20,"column":28}},"4":{"start":{"line":21,"column":4},"end":{"line":21,"column":34}},"5":{"start":{"line":22,"column":4},"end":{"line":22,"column":23}},"6":{"start":{"line":31,"column":4},"end":{"line":31,"column":47}},"7":{"start":{"line":32,"column":4},"end":{"line":32,"column":26}},"8":{"start":{"line":42,"column":17},"end":{"line":42,"column":58}},"9":{"start":{"line":43,"column":4},"end":{"line":45,"column":5}},"10":{"start":{"line":44,"column":6},"end":{"line":44,"column":51}},"11":{"start":{"line":46,"column":4},"end":{"line":46,"column":53}},"12":{"start":{"line":56,"column":4},"end":{"line":56,"column":25}},"13":{"start":{"line":57,"column":4},"end":{"line":57,"column":32}},"14":{"start":{"line":58,"column":4},"end":{"line":58,"column":26}},"15":{"start":{"line":67,"column":4},"end":{"line":67,"column":25}},"16":{"start":{"line":68,"column":4},"end":{"line":68,"column":32}},"17":{"start":{"line":77,"column":4},"end":{"line":77,"column":25}},"18":{"start":{"line":78,"column":4},"end":{"line":78,"column":32}},"19":{"start":{"line":87,"column":4},"end":{"line":87,"column":25}},"20":{"start":{"line":88,"column":20},"end":{"line":88,"column":43}},"21":{"start":{"line":89,"column":4},"end":{"line":91,"column":5}},"22":{"start":{"line":90,"column":6},"end":{"line":90,"column":28}},"23":{"start":{"line":92,"column":4},"end":{"line":92,"column":19}},"24":{"start":{"line":100,"column":4},"end":{"line":100,"column":25}},"25":{"start":{"line":101,"column":4},"end":{"line":101,"column":30}},"26":{"start":{"line":108,"column":4},"end":{"line":110,"column":5}},"27":{"start":{"line":109,"column":6},"end":{"line":109,"column":25}},"28":{"start":{"line":119,"column":4},"end":{"line":119,"column":25}},"29":{"start":{"line":120,"column":4},"end":{"line":120,"column":39}},"30":{"start":{"line":128,"column":4},"end":{"line":128,"column":48}},"31":{"start":{"line":136,"column":4},"end":{"line":139,"column":5}},"32":{"start":{"line":137,"column":6},"end":{"line":137,"column":25}},"33":{"start":{"line":138,"column":6},"end":{"line":138,"column":25}},"34":{"start":{"line":140,"column":4},"end":{"line":142,"column":5}},"35":{"start":{"line":141,"column":6},"end":{"line":141,"column":51}},"36":{"start":{"line":147,"column":17},"end":{"line":147,"column":37}},"37":{"start":{"line":148,"column":4},"end":{"line":148,"column":52}},"38":{"start":{"line":153,"column":4},"end":{"line":155,"column":5}},"39":{"start":{"line":154,"column":6},"end":{"line":154,"column":83}},"40":{"start":{"line":159,"column":0},"end":{"line":159,"column":38}}},"fnMap":{"0":{"name":"(anonymous_0)","decl":{"start":{"line":16,"column":2},"end":{"line":16,"column":3}},"loc":{"start":{"line":16,"column":55},"end":{"line":23,"column":3}},"line":16},"1":{"name":"(anonymous_1)","decl":{"start":{"line":30,"column":2},"end":{"line":30,"column":3}},"loc":{"start":{"line":30,"column":29},"end":{"line":33,"column":3}},"line":30},"2":{"name":"(anonymous_2)","decl":{"start":{"line":41,"column":2},"end":{"line":41,"column":3}},"loc":{"start":{"line":41,"column":23},"end":{"line":47,"column":3}},"line":41},"3":{"name":"(anonymous_3)","decl":{"start":{"line":55,"column":2},"end":{"line":55,"column":3}},"loc":{"start":{"line":55,"column":24},"end":{"line":59,"column":3}},"line":55},"4":{"name":"(anonymous_4)","decl":{"start":{"line":66,"column":2},"end":{"line":66,"column":3}},"loc":{"start":{"line":66,"column":17},"end":{"line":69,"column":3}},"line":66},"5":{"name":"(anonymous_5)","decl":{"start":{"line":76,"column":2},"end":{"line":76,"column":3}},"loc":{"start":{"line":76,"column":17},"end":{"line":79,"column":3}},"line":76},"6":{"name":"(anonymous_6)","decl":{"start":{"line":86,"column":2},"end":{"line":86,"column":3}},"loc":{"start":{"line":86,"column":20},"end":{"line":93,"column":3}},"line":86},"7":{"name":"(anonymous_7)","decl":{"start":{"line":99,"column":2},"end":{"line":99,"column":3}},"loc":{"start":{"line":99,"column":9},"end":{"line":102,"column":3}},"line":99},"8":{"name":"(anonymous_8)","decl":{"start":{"line":107,"column":2},"end":{"line":107,"column":3}},"loc":{"start":{"line":107,"column":9},"end":{"line":111,"column":3}},"line":107},"9":{"name":"(anonymous_9)","decl":{"start":{"line":118,"column":2},"end":{"line":118,"column":3}},"loc":{"start":{"line":118,"column":25},"end":{"line":121,"column":3}},"line":118},"10":{"name":"(anonymous_10)","decl":{"start":{"line":127,"column":2},"end":{"line":127,"column":3}},"loc":{"start":{"line":127,"column":17},"end":{"line":129,"column":3}},"line":127},"11":{"name":"(anonymous_11)","decl":{"start":{"line":135,"column":2},"end":{"line":135,"column":3}},"loc":{"start":{"line":135,"column":18},"end":{"line":143,"column":3}},"line":135},"12":{"name":"(anonymous_12)","decl":{"start":{"line":146,"column":2},"end":{"line":146,"column":3}},"loc":{"start":{"line":146,"column":19},"end":{"line":149,"column":3}},"line":146},"13":{"name":"(anonymous_13)","decl":{"start":{"line":152,"column":2},"end":{"line":152,"column":3}},"loc":{"start":{"line":152,"column":18},"end":{"line":156,"column":3}},"line":152}},"branchMap":{"0":{"loc":{"start":{"line":16,"column":23},"end":{"line":16,"column":53}},"type":"default-arg","locations":[{"start":{"line":16,"column":36},"end":{"line":16,"column":53}}],"line":16},"1":{"loc":{"start":{"line":17,"column":4},"end":{"line":19,"column":5}},"type":"if","locations":[{"start":{"line":17,"column":4},"end":{"line":19,"column":5}},{"start":{},"end":{}}],"line":17},"2":{"loc":{"start":{"line":17,"column":8},"end":{"line":17,"column":90}},"type":"binary-expr","locations":[{"start":{"line":17,"column":8},"end":{"line":17,"column":16}},{"start":{"line":17,"column":20},"end":{"line":17,"column":53}},{"start":{"line":17,"column":57},"end":{"line":17,"column":90}}],"line":17},"3":{"loc":{"start":{"line":43,"column":4},"end":{"line":45,"column":5}},"type":"if","locations":[{"start":{"line":43,"column":4},"end":{"line":45,"column":5}},{"start":{},"end":{}}],"line":43},"4":{"loc":{"start":{"line":89,"column":4},"end":{"line":91,"column":5}},"type":"if","locations":[{"start":{"line":89,"column":4},"end":{"line":91,"column":5}},{"start":{},"end":{}}],"line":89},"5":{"loc":{"start":{"line":108,"column":4},"end":{"line":110,"column":5}},"type":"if","locations":[{"start":{"line":108,"column":4},"end":{"line":110,"column":5}},{"start":{},"end":{}}],"line":108},"6":{"loc":{"start":{"line":128,"column":11},"end":{"line":128,"column":47}},"type":"binary-expr","locations":[{"start":{"line":128,"column":11},"end":{"line":128,"column":23}},{"start":{"line":128,"column":27},"end":{"line":128,"column":47}}],"line":128},"7":{"loc":{"start":{"line":136,"column":4},"end":{"line":139,"column":5}},"type":"if","locations":[{"start":{"line":136,"column":4},"end":{"line":139,"column":5}},{"start":{},"end":{}}],"line":136},"8":{"loc":{"start":{"line":140,"column":4},"end":{"line":142,"column":5}},"type":"if","locations":[{"start":{"line":140,"column":4},"end":{"line":142,"column":5}},{"start":{},"end":{}}],"line":140},"9":{"loc":{"start":{"line":153,"column":4},"end":{"line":155,"column":5}},"type":"if","locations":[{"start":{"line":153,"column":4},"end":{"line":155,"column":5}},{"start":{},"end":{}}],"line":153}},"s":{"0":1,"1":17,"2":2,"3":15,"4":15,"5":15,"6":11,"7":11,"8":2,"9":2,"10":1,"11":1,"12":12,"13":11,"14":11,"15":4,"16":3,"17":3,"18":3,"19":1,"20":1,"21":1,"22":1,"23":1,"24":2,"25":2,"26":2,"27":2,"28":1,"29":1,"30":4,"31":1,"32":1,"33":1,"34":1,"35":1,"36":23,"37":23,"38":23,"39":2,"40":1},"f":{"0":17,"1":11,"2":2,"3":12,"4":4,"5":3,"6":1,"7":2,"8":2,"9":1,"10":4,"11":1,"12":23,"13":23},"b":{"0":[16],"1":[2,15],"2":[17,16,15],"3":[1,1],"4":[1,0],"5":[2,0],"6":[4,3],"7":[1,0],"8":[1,0],"9":[2,21]},"_coverageSchema":"1a1c01bbd47fc00a2c39e90264f33305004495a9","hash":"43a258f33d66b8ee5e9bbb9d06c86452c95d66cf"}
,"/root/.openclaw/workspace/projects/mobileclaw/vault-encryption/src/vault.js": {"path":"/root/.openclaw/workspace/projects/mobileclaw/vault-encryption/src/vault.js","statementMap":{"0":{"start":{"line":10,"column":4},"end":{"line":10,"column":23}},"1":{"start":{"line":11,"column":68},"end":{"line":11,"column":87}},"2":{"start":{"line":13,"column":22},"end":{"line":13,"column":23}},"3":{"start":{"line":20,"column":4},"end":{"line":20,"column":21}},"4":{"start":{"line":21,"column":4},"end":{"line":21,"column":22}},"5":{"start":{"line":22,"column":4},"end":{"line":22,"column":20}},"6":{"start":{"line":23,"column":4},"end":{"line":23,"column":24}},"7":{"start":{"line":33,"column":4},"end":{"line":35,"column":5}},"8":{"start":{"line":34,"column":6},"end":{"line":34,"column":61}},"9":{"start":{"line":36,"column":18},"end":{"line":36,"column":29}},"10":{"start":{"line":37,"column":4},"end":{"line":37,"column":33}},"11":{"start":{"line":38,"column":4},"end":{"line":38,"column":56}},"12":{"start":{"line":39,"column":4},"end":{"line":39,"column":21}},"13":{"start":{"line":40,"column":4},"end":{"line":40,"column":26}},"14":{"start":{"line":41,"column":4},"end":{"line":41,"column":17}},"15":{"start":{"line":52,"column":4},"end":{"line":54,"column":5}},"16":{"start":{"line":53,"column":6},"end":{"line":53,"column":47}},"17":{"start":{"line":55,"column":4},"end":{"line":57,"column":5}},"18":{"start":{"line":56,"column":6},"end":{"line":56,"column":61}},"19":{"start":{"line":59,"column":19},"end":{"line":59,"column":35}},"20":{"start":{"line":60,"column":4},"end":{"line":62,"column":5}},"21":{"start":{"line":61,"column":6},"end":{"line":61,"column":70}},"22":{"start":{"line":64,"column":18},"end":{"line":64,"column":29}},"23":{"start":{"line":65,"column":4},"end":{"line":65,"column":42}},"24":{"start":{"line":66,"column":4},"end":{"line":66,"column":36}},"25":{"start":{"line":67,"column":4},"end":{"line":67,"column":56}},"26":{"start":{"line":68,"column":4},"end":{"line":68,"column":26}},"27":{"start":{"line":71,"column":17},"end":{"line":71,"column":41}},"28":{"start":{"line":72,"column":4},"end":{"line":83,"column":5}},"29":{"start":{"line":73,"column":6},"end":{"line":82,"column":7}},"30":{"start":{"line":74,"column":22},"end":{"line":74,"column":42}},"31":{"start":{"line":75,"column":19},"end":{"line":75,"column":39}},"32":{"start":{"line":76,"column":27},"end":{"line":76,"column":55}},"33":{"start":{"line":77,"column":8},"end":{"line":77,"column":44}},"34":{"start":{"line":79,"column":8},"end":{"line":79,"column":26}},"35":{"start":{"line":80,"column":8},"end":{"line":80,"column":29}},"36":{"start":{"line":81,"column":8},"end":{"line":81,"column":41}},"37":{"start":{"line":85,"column":4},"end":{"line":85,"column":17}},"38":{"start":{"line":96,"column":4},"end":{"line":96,"column":28}},"39":{"start":{"line":97,"column":4},"end":{"line":99,"column":5}},"40":{"start":{"line":98,"column":6},"end":{"line":98,"column":56}},"41":{"start":{"line":100,"column":4},"end":{"line":102,"column":5}},"42":{"start":{"line":101,"column":6},"end":{"line":101,"column":48}},"43":{"start":{"line":104,"column":22},"end":{"line":104,"column":53}},"44":{"start":{"line":105,"column":31},"end":{"line":105,"column":60}},"45":{"start":{"line":106,"column":4},"end":{"line":109,"column":6}},"46":{"start":{"line":120,"column":4},"end":{"line":120,"column":28}},"47":{"start":{"line":121,"column":4},"end":{"line":123,"column":5}},"48":{"start":{"line":122,"column":6},"end":{"line":122,"column":56}},"49":{"start":{"line":125,"column":18},"end":{"line":125,"column":33}},"50":{"start":{"line":126,"column":4},"end":{"line":128,"column":5}},"51":{"start":{"line":127,"column":6},"end":{"line":127,"column":23}},"52":{"start":{"line":130,"column":4},"end":{"line":137,"column":5}},"53":{"start":{"line":131,"column":17},"end":{"line":131,"column":37}},"54":{"start":{"line":132,"column":25},"end":{"line":132,"column":53}},"55":{"start":{"line":133,"column":24},"end":{"line":133,"column":58}},"56":{"start":{"line":134,"column":6},"end":{"line":134,"column":49}},"57":{"start":{"line":136,"column":6},"end":{"line":136,"column":59}},"58":{"start":{"line":147,"column":4},"end":{"line":147,"column":28}},"59":{"start":{"line":148,"column":4},"end":{"line":148,"column":29}},"60":{"start":{"line":158,"column":4},"end":{"line":158,"column":28}},"61":{"start":{"line":159,"column":4},"end":{"line":162,"column":5}},"62":{"start":{"line":160,"column":6},"end":{"line":160,"column":29}},"63":{"start":{"line":161,"column":6},"end":{"line":161,"column":18}},"64":{"start":{"line":163,"column":4},"end":{"line":163,"column":17}},"65":{"start":{"line":172,"column":4},"end":{"line":172,"column":28}},"66":{"start":{"line":173,"column":4},"end":{"line":173,"column":35}},"67":{"start":{"line":181,"column":4},"end":{"line":183,"column":5}},"68":{"start":{"line":182,"column":6},"end":{"line":182,"column":24}},"69":{"start":{"line":184,"column":4},"end":{"line":184,"column":21}},"70":{"start":{"line":185,"column":4},"end":{"line":185,"column":24}},"71":{"start":{"line":194,"column":4},"end":{"line":196,"column":5}},"72":{"start":{"line":195,"column":6},"end":{"line":195,"column":61}},"73":{"start":{"line":198,"column":16},"end":{"line":198,"column":53}},"74":{"start":{"line":201,"column":21},"end":{"line":201,"column":44}},"75":{"start":{"line":202,"column":4},"end":{"line":212,"column":5}},"76":{"start":{"line":203,"column":6},"end":{"line":211,"column":7}},"77":{"start":{"line":204,"column":22},"end":{"line":204,"column":45}},"78":{"start":{"line":205,"column":19},"end":{"line":205,"column":39}},"79":{"start":{"line":206,"column":27},"end":{"line":206,"column":55}},"80":{"start":{"line":207,"column":8},"end":{"line":207,"column":37}},"81":{"start":{"line":209,"column":8},"end":{"line":209,"column":20}},"82":{"start":{"line":210,"column":8},"end":{"line":210,"column":41}},"83":{"start":{"line":214,"column":4},"end":{"line":214,"column":20}},"84":{"start":{"line":215,"column":4},"end":{"line":215,"column":25}},"85":{"start":{"line":223,"column":4},"end":{"line":223,"column":24}},"86":{"start":{"line":232,"column":4},"end":{"line":236,"column":7}},"87":{"start":{"line":243,"column":4},"end":{"line":245,"column":5}},"88":{"start":{"line":244,"column":6},"end":{"line":244,"column":35}},"89":{"start":{"line":253,"column":4},"end":{"line":253,"column":86}},"90":{"start":{"line":261,"column":4},"end":{"line":261,"column":27}},"91":{"start":{"line":269,"column":4},"end":{"line":269,"column":92}},"92":{"start":{"line":273,"column":0},"end":{"line":273,"column":27}}},"fnMap":{"0":{"name":"(anonymous_0)","decl":{"start":{"line":19,"column":2},"end":{"line":19,"column":3}},"loc":{"start":{"line":19,"column":16},"end":{"line":24,"column":3}},"line":19},"1":{"name":"(anonymous_1)","decl":{"start":{"line":32,"column":2},"end":{"line":32,"column":3}},"loc":{"start":{"line":32,"column":32},"end":{"line":42,"column":3}},"line":32},"2":{"name":"(anonymous_2)","decl":{"start":{"line":51,"column":2},"end":{"line":51,"column":3}},"loc":{"start":{"line":51,"column":38},"end":{"line":86,"column":3}},"line":51},"3":{"name":"(anonymous_3)","decl":{"start":{"line":95,"column":2},"end":{"line":95,"column":3}},"loc":{"start":{"line":95,"column":18},"end":{"line":110,"column":3}},"line":95},"4":{"name":"(anonymous_4)","decl":{"start":{"line":119,"column":2},"end":{"line":119,"column":3}},"loc":{"start":{"line":119,"column":11},"end":{"line":138,"column":3}},"line":119},"5":{"name":"(anonymous_5)","decl":{"start":{"line":146,"column":2},"end":{"line":146,"column":3}},"loc":{"start":{"line":146,"column":11},"end":{"line":149,"column":3}},"line":146},"6":{"name":"(anonymous_6)","decl":{"start":{"line":157,"column":2},"end":{"line":157,"column":3}},"loc":{"start":{"line":157,"column":14},"end":{"line":164,"column":3}},"line":157},"7":{"name":"(anonymous_7)","decl":{"start":{"line":171,"column":2},"end":{"line":171,"column":3}},"loc":{"start":{"line":171,"column":9},"end":{"line":174,"column":3}},"line":171},"8":{"name":"(anonymous_8)","decl":{"start":{"line":180,"column":2},"end":{"line":180,"column":3}},"loc":{"start":{"line":180,"column":9},"end":{"line":186,"column":3}},"line":180},"9":{"name":"(anonymous_9)","decl":{"start":{"line":193,"column":2},"end":{"line":193,"column":3}},"loc":{"start":{"line":193,"column":25},"end":{"line":216,"column":3}},"line":193},"10":{"name":"(anonymous_10)","decl":{"start":{"line":222,"column":2},"end":{"line":222,"column":3}},"loc":{"start":{"line":222,"column":17},"end":{"line":224,"column":3}},"line":222},"11":{"name":"(anonymous_11)","decl":{"start":{"line":231,"column":2},"end":{"line":231,"column":3}},"loc":{"start":{"line":231,"column":11},"end":{"line":237,"column":3}},"line":231},"12":{"name":"(anonymous_12)","decl":{"start":{"line":242,"column":2},"end":{"line":242,"column":3}},"loc":{"start":{"line":242,"column":21},"end":{"line":246,"column":3}},"line":242},"13":{"name":"(anonymous_13)","decl":{"start":{"line":252,"column":2},"end":{"line":252,"column":3}},"loc":{"start":{"line":252,"column":13},"end":{"line":254,"column":3}},"line":252},"14":{"name":"(anonymous_14)","decl":{"start":{"line":260,"column":2},"end":{"line":260,"column":3}},"loc":{"start":{"line":260,"column":47},"end":{"line":262,"column":3}},"line":260},"15":{"name":"(anonymous_15)","decl":{"start":{"line":268,"column":2},"end":{"line":268,"column":3}},"loc":{"start":{"line":268,"column":11},"end":{"line":270,"column":3}},"line":268}},"branchMap":{"0":{"loc":{"start":{"line":33,"column":4},"end":{"line":35,"column":5}},"type":"if","locations":[{"start":{"line":33,"column":4},"end":{"line":35,"column":5}},{"start":{},"end":{}}],"line":33},"1":{"loc":{"start":{"line":33,"column":8},"end":{"line":33,"column":61}},"type":"binary-expr","locations":[{"start":{"line":33,"column":8},"end":{"line":33,"column":36}},{"start":{"line":33,"column":40},"end":{"line":33,"column":61}}],"line":33},"2":{"loc":{"start":{"line":52,"column":4},"end":{"line":54,"column":5}},"type":"if","locations":[{"start":{"line":52,"column":4},"end":{"line":54,"column":5}},{"start":{},"end":{}}],"line":52},"3":{"loc":{"start":{"line":55,"column":4},"end":{"line":57,"column":5}},"type":"if","locations":[{"start":{"line":55,"column":4},"end":{"line":57,"column":5}},{"start":{},"end":{}}],"line":55},"4":{"loc":{"start":{"line":55,"column":8},"end":{"line":55,"column":61}},"type":"binary-expr","locations":[{"start":{"line":55,"column":8},"end":{"line":55,"column":36}},{"start":{"line":55,"column":40},"end":{"line":55,"column":61}}],"line":55},"5":{"loc":{"start":{"line":60,"column":4},"end":{"line":62,"column":5}},"type":"if","locations":[{"start":{"line":60,"column":4},"end":{"line":62,"column":5}},{"start":{},"end":{}}],"line":60},"6":{"loc":{"start":{"line":66,"column":18},"end":{"line":66,"column":35}},"type":"binary-expr","locations":[{"start":{"line":66,"column":18},"end":{"line":66,"column":29}},{"start":{"line":66,"column":33},"end":{"line":66,"column":35}}],"line":66},"7":{"loc":{"start":{"line":72,"column":4},"end":{"line":83,"column":5}},"type":"if","locations":[{"start":{"line":72,"column":4},"end":{"line":83,"column":5}},{"start":{},"end":{}}],"line":72},"8":{"loc":{"start":{"line":97,"column":4},"end":{"line":99,"column":5}},"type":"if","locations":[{"start":{"line":97,"column":4},"end":{"line":99,"column":5}},{"start":{},"end":{}}],"line":97},"9":{"loc":{"start":{"line":97,"column":8},"end":{"line":97,"column":51}},"type":"binary-expr","locations":[{"start":{"line":97,"column":8},"end":{"line":97,"column":31}},{"start":{"line":97,"column":35},"end":{"line":97,"column":51}}],"line":97},"10":{"loc":{"start":{"line":100,"column":4},"end":{"line":102,"column":5}},"type":"if","locations":[{"start":{"line":100,"column":4},"end":{"line":102,"column":5}},{"start":{},"end":{}}],"line":100},"11":{"loc":{"start":{"line":121,"column":4},"end":{"line":123,"column":5}},"type":"if","locations":[{"start":{"line":121,"column":4},"end":{"line":123,"column":5}},{"start":{},"end":{}}],"line":121},"12":{"loc":{"start":{"line":121,"column":8},"end":{"line":121,"column":51}},"type":"binary-expr","locations":[{"start":{"line":121,"column":8},"end":{"line":121,"column":31}},{"start":{"line":121,"column":35},"end":{"line":121,"column":51}}],"line":121},"13":{"loc":{"start":{"line":126,"column":4},"end":{"line":128,"column":5}},"type":"if","locations":[{"start":{"line":126,"column":4},"end":{"line":128,"column":5}},{"start":{},"end":{}}],"line":126},"14":{"loc":{"start":{"line":159,"column":4},"end":{"line":162,"column":5}},"type":"if","locations":[{"start":{"line":159,"column":4},"end":{"line":162,"column":5}},{"start":{},"end":{}}],"line":159},"15":{"loc":{"start":{"line":181,"column":4},"end":{"line":183,"column":5}},"type":"if","locations":[{"start":{"line":181,"column":4},"end":{"line":183,"column":5}},{"start":{},"end":{}}],"line":181},"16":{"loc":{"start":{"line":194,"column":4},"end":{"line":196,"column":5}},"type":"if","locations":[{"start":{"line":194,"column":4},"end":{"line":196,"column":5}},{"start":{},"end":{}}],"line":194},"17":{"loc":{"start":{"line":194,"column":8},"end":{"line":194,"column":61}},"type":"binary-expr","locations":[{"start":{"line":194,"column":8},"end":{"line":194,"column":36}},{"start":{"line":194,"column":40},"end":{"line":194,"column":61}}],"line":194},"18":{"loc":{"start":{"line":202,"column":4},"end":{"line":212,"column":5}},"type":"if","locations":[{"start":{"line":202,"column":4},"end":{"line":212,"column":5}},{"start":{},"end":{}}],"line":202},"19":{"loc":{"start":{"line":243,"column":4},"end":{"line":245,"column":5}},"type":"if","locations":[{"start":{"line":243,"column":4},"end":{"line":245,"column":5}},{"start":{},"end":{}}],"line":243}},"s":{"0":2,"1":2,"2":2,"3":54,"4":54,"5":54,"6":54,"7":50,"8":2,"9":48,"10":48,"11":48,"12":48,"13":48,"14":48,"15":8,"16":1,"17":7,"18":0,"19":7,"20":6,"21":0,"22":6,"23":6,"24":6,"25":6,"26":6,"27":6,"28":6,"29":5,"30":5,"31":5,"32":5,"33":5,"34":3,"35":3,"36":3,"37":3,"38":103,"39":102,"40":1,"41":101,"42":1,"43":100,"44":100,"45":100,"46":16,"47":15,"48":0,"49":15,"50":15,"51":2,"52":13,"53":13,"54":13,"55":13,"56":13,"57":0,"58":7,"59":6,"60":4,"61":3,"62":2,"63":2,"64":1,"65":4,"66":2,"67":13,"68":13,"69":13,"70":13,"71":4,"72":1,"73":3,"74":3,"75":3,"76":3,"77":3,"78":3,"79":3,"80":3,"81":1,"82":1,"83":2,"84":2,"85":8,"86":33,"87":134,"88":6,"89":1,"90":0,"91":1,"92":2},"f":{"0":54,"1":50,"2":8,"3":103,"4":16,"5":7,"6":4,"7":4,"8":13,"9":4,"10":8,"11":33,"12":134,"13":1,"14":0,"15":1},"b":{"0":[2,48],"1":[50,49],"2":[1,7],"3":[0,7],"4":[7,7],"5":[0,6],"6":[6,0],"7":[5,1],"8":[1,101],"9":[102,102],"10":[1,100],"11":[0,15],"12":[15,15],"13":[2,13],"14":[2,1],"15":[13,0],"16":[1,3],"17":[4,4],"18":[3,0],"19":[6,128]},"_coverageSchema":"1a1c01bbd47fc00a2c39e90264f33305004495a9","hash":"d9df4517223b6f6882b792db5a43c61645eaa79f"}
}
