TN:
SF:src/crypto.js
FN:18,generateRandomBytes
FN:29,generateSalt
FN:37,generateIV
FN:48,deriveKey
FN:67,encrypt
FN:88,decrypt
FN:111,toBase64
FN:120,fromBase64
FNF:8
FNH:8
FNDA:282,generateRandomBytes
FNDA:66,generateSalt
FNDA:209,generateIV
FNDA:77,deriveKey
FNDA:109,encrypt
FNDA:28,decrypt
FNDA:339,toBase64
FNDA:49,fromBase64
DA:3,3
DA:4,3
DA:5,3
DA:6,3
DA:8,3
DA:9,3
DA:10,3
DA:11,3
DA:19,282
DA:20,3
DA:22,279
DA:30,66
DA:38,209
DA:49,77
DA:50,1
DA:52,76
DA:53,1
DA:55,75
DA:56,1
DA:58,74
DA:68,109
DA:69,1
DA:71,108
DA:72,0
DA:74,108
DA:75,108
DA:76,108
DA:77,108
DA:89,28
DA:90,0
DA:92,28
DA:93,1
DA:95,27
DA:96,0
DA:98,27
DA:99,27
DA:100,27
DA:102,7
DA:112,339
DA:121,49
DA:124,3
LF:41
LH:38
BRDA:19,0,0,3
BRDA:19,0,1,279
BRDA:19,1,0,282
BRDA:19,1,1,281
BRDA:48,2,0,76
BRDA:49,3,0,1
BRDA:49,3,1,76
BRDA:49,4,0,77
BRDA:49,4,1,77
BRDA:52,5,0,1
BRDA:52,5,1,75
BRDA:52,6,0,76
BRDA:52,6,1,76
BRDA:55,7,0,1
BRDA:55,7,1,74
BRDA:55,8,0,75
BRDA:55,8,1,75
BRDA:68,9,0,1
BRDA:68,9,1,108
BRDA:68,10,0,109
BRDA:68,10,1,109
BRDA:71,11,0,0
BRDA:71,11,1,108
BRDA:89,12,0,0
BRDA:89,12,1,28
BRDA:89,13,0,28
BRDA:89,13,1,28
BRDA:92,14,0,1
BRDA:92,14,1,27
BRDA:92,15,0,28
BRDA:92,15,1,28
BRDA:95,16,0,0
BRDA:95,16,1,27
BRF:33
BRH:30
end_of_record
TN:
SF:src/errors.js
FN:4,(anonymous_0)
FN:11,(anonymous_1)
FN:18,(anonymous_2)
FNF:3
FNH:2
FNDA:6,(anonymous_0)
FNDA:0,(anonymous_1)
FNDA:4,(anonymous_2)
DA:5,6
DA:6,6
DA:12,0
DA:13,0
DA:19,4
DA:20,4
DA:24,2
LF:7
LH:5
BRDA:4,0,0,6
BRDA:11,1,0,0
BRDA:18,2,0,4
BRF:3
BRH:2
end_of_record
TN:
SF:src/storage.js
FN:16,(anonymous_0)
FN:30,(anonymous_1)
FN:41,(anonymous_2)
FN:55,(anonymous_3)
FN:66,(anonymous_4)
FN:76,(anonymous_5)
FN:86,(anonymous_6)
FN:99,(anonymous_7)
FN:107,(anonymous_8)
FN:118,(anonymous_9)
FN:127,(anonymous_10)
FN:135,(anonymous_11)
FN:146,(anonymous_12)
FN:152,(anonymous_13)
FNF:14
FNH:14
FNDA:17,(anonymous_0)
FNDA:11,(anonymous_1)
FNDA:2,(anonymous_2)
FNDA:12,(anonymous_3)
FNDA:4,(anonymous_4)
FNDA:3,(anonymous_5)
FNDA:1,(anonymous_6)
FNDA:2,(anonymous_7)
FNDA:2,(anonymous_8)
FNDA:1,(anonymous_9)
FNDA:4,(anonymous_10)
FNDA:1,(anonymous_11)
FNDA:23,(anonymous_12)
FNDA:23,(anonymous_13)
DA:3,1
DA:17,17
DA:18,2
DA:20,15
DA:21,15
DA:22,15
DA:31,11
DA:32,11
DA:42,2
DA:43,2
DA:44,1
DA:46,1
DA:56,12
DA:57,11
DA:58,11
DA:67,4
DA:68,3
DA:77,3
DA:78,3
DA:87,1
DA:88,1
DA:89,1
DA:90,1
DA:92,1
DA:100,2
DA:101,2
DA:108,2
DA:109,2
DA:119,1
DA:120,1
DA:128,4
DA:136,1
DA:137,1
DA:138,1
DA:140,1
DA:141,1
DA:147,23
DA:148,23
DA:153,23
DA:154,2
DA:159,1
LF:41
LH:41
BRDA:16,0,0,16
BRDA:17,1,0,2
BRDA:17,1,1,15
BRDA:17,2,0,17
BRDA:17,2,1,16
BRDA:17,2,2,15
BRDA:43,3,0,1
BRDA:43,3,1,1
BRDA:89,4,0,1
BRDA:89,4,1,0
BRDA:108,5,0,2
BRDA:108,5,1,0
BRDA:128,6,0,4
BRDA:128,6,1,3
BRDA:136,7,0,1
BRDA:136,7,1,0
BRDA:140,8,0,1
BRDA:140,8,1,0
BRDA:153,9,0,2
BRDA:153,9,1,21
BRF:20
BRH:16
end_of_record
TN:
SF:src/vault.js
FN:19,(anonymous_0)
FN:32,(anonymous_1)
FN:51,(anonymous_2)
FN:95,(anonymous_3)
FN:119,(anonymous_4)
FN:146,(anonymous_5)
FN:157,(anonymous_6)
FN:171,(anonymous_7)
FN:180,(anonymous_8)
FN:193,(anonymous_9)
FN:222,(anonymous_10)
FN:231,(anonymous_11)
FN:242,(anonymous_12)
FN:252,(anonymous_13)
FN:260,(anonymous_14)
FN:268,(anonymous_15)
FNF:16
FNH:15
FNDA:54,(anonymous_0)
FNDA:50,(anonymous_1)
FNDA:8,(anonymous_2)
FNDA:103,(anonymous_3)
FNDA:16,(anonymous_4)
FNDA:7,(anonymous_5)
FNDA:4,(anonymous_6)
FNDA:4,(anonymous_7)
FNDA:13,(anonymous_8)
FNDA:4,(anonymous_9)
FNDA:8,(anonymous_10)
FNDA:33,(anonymous_11)
FNDA:134,(anonymous_12)
FNDA:1,(anonymous_13)
FNDA:0,(anonymous_14)
FNDA:1,(anonymous_15)
DA:10,2
DA:11,2
DA:13,2
DA:20,54
DA:21,54
DA:22,54
DA:23,54
DA:33,50
DA:34,2
DA:36,48
DA:37,48
DA:38,48
DA:39,48
DA:40,48
DA:41,48
DA:52,8
DA:53,1
DA:55,7
DA:56,0
DA:59,7
DA:60,6
DA:61,0
DA:64,6
DA:65,6
DA:66,6
DA:67,6
DA:68,6
DA:71,6
DA:72,6
DA:73,5
DA:74,5
DA:75,5
DA:76,5
DA:77,5
DA:79,3
DA:80,3
DA:81,3
DA:85,3
DA:96,103
DA:97,102
DA:98,1
DA:100,101
DA:101,1
DA:104,100
DA:105,100
DA:106,100
DA:120,16
DA:121,15
DA:122,0
DA:125,15
DA:126,15
DA:127,2
DA:130,13
DA:131,13
DA:132,13
DA:133,13
DA:134,13
DA:136,0
DA:147,7
DA:148,6
DA:158,4
DA:159,3
DA:160,2
DA:161,2
DA:163,1
DA:172,4
DA:173,2
DA:181,13
DA:182,13
DA:184,13
DA:185,13
DA:194,4
DA:195,1
DA:198,3
DA:201,3
DA:202,3
DA:203,3
DA:204,3
DA:205,3
DA:206,3
DA:207,3
DA:209,1
DA:210,1
DA:214,2
DA:215,2
DA:223,8
DA:232,33
DA:243,134
DA:244,6
DA:253,1
DA:261,0
DA:269,1
DA:273,2
LF:93
LH:88
BRDA:33,0,0,2
BRDA:33,0,1,48
BRDA:33,1,0,50
BRDA:33,1,1,49
BRDA:52,2,0,1
BRDA:52,2,1,7
BRDA:55,3,0,0
BRDA:55,3,1,7
BRDA:55,4,0,7
BRDA:55,4,1,7
BRDA:60,5,0,0
BRDA:60,5,1,6
BRDA:66,6,0,6
BRDA:66,6,1,0
BRDA:72,7,0,5
BRDA:72,7,1,1
BRDA:97,8,0,1
BRDA:97,8,1,101
BRDA:97,9,0,102
BRDA:97,9,1,102
BRDA:100,10,0,1
BRDA:100,10,1,100
BRDA:121,11,0,0
BRDA:121,11,1,15
BRDA:121,12,0,15
BRDA:121,12,1,15
BRDA:126,13,0,2
BRDA:126,13,1,13
BRDA:159,14,0,2
BRDA:159,14,1,1
BRDA:181,15,0,13
BRDA:181,15,1,0
BRDA:194,16,0,1
BRDA:194,16,1,3
BRDA:194,17,0,4
BRDA:194,17,1,4
BRDA:202,18,0,3
BRDA:202,18,1,0
BRDA:243,19,0,6
BRDA:243,19,1,128
BRF:40
BRH:34
end_of_record
